[786:889:0728/232422.457649:ERROR:object_proxy.cc(590)] Failed to call method: org.freedesktop.DBus.Properties.Get: object_path= /org/freedesktop/UPower: org.freedesktop.DBus.Error.ServiceUnknown: The name org.freedesktop.UPower was not provided by any .service files
[786:889:0728/232422.458062:ERROR:object_proxy.cc(590)] Failed to call method: org.freedesktop.UPower.GetDisplayDevice: object_path= /org/freedesktop/UPower: org.freedesktop.DBus.Error.ServiceUnknown: The name org.freedesktop.UPower was not provided by any .service files
[786:889:0728/232422.458545:ERROR:object_proxy.cc(590)] Failed to call method: org.freedesktop.UPower.EnumerateDevices: object_path= /org/freedesktop/UPower: org.freedesktop.DBus.Error.ServiceUnknown: The name org.freedesktop.UPower was not provided by any .service files
[825:825:0728/232422.666589:ERROR:angle_platform_impl.cc(44)] Display.cpp:1063 (initialize): ANGLE Display::initialize error 12289: OpenGL ES 2.0 is not supportable.
ERR: Display.cpp:1063 (initialize): ANGLE Display::initialize error 12289: OpenGL ES 2.0 is not supportable.
[825:825:0728/232422.667778:ERROR:gl_display.cc(520)] EGL Driver message (Critical) eglInitialize: OpenGL ES 2.0 is not supportable.
[825:825:0728/232422.668700:ERROR:gl_display.cc(790)] eglInitialize OpenGL failed with error EGL_NOT_INITIALIZED, trying next display type
[825:825:0728/232422.671604:ERROR:angle_platform_impl.cc(44)] Display.cpp:1063 (initialize): ANGLE Display::initialize error 12289: Could not create a backing OpenGL context.
ERR: Display.cpp:1063 (initialize): ANGLE Display::initialize error 12289: Could not create a backing OpenGL context.
[825:825:0728/232422.671870:ERROR:gl_display.cc(520)] EGL Driver message (Critical) eglInitialize: Could not create a backing OpenGL context.
[825:825:0728/232422.672127:ERROR:gl_display.cc(790)] eglInitialize OpenGLES failed with error EGL_NOT_INITIALIZED
[825:825:0728/232422.672257:ERROR:gl_display.cc(824)] Initialization of all EGL display types failed.
[825:825:0728/232422.672352:ERROR:gl_ozone_egl.cc(26)] GLDisplayEGL::Initialize failed.
[825:825:0728/232422.725106:ERROR:angle_platform_impl.cc(44)] Display.cpp:1063 (initialize): ANGLE Display::initialize error 12289: OpenGL ES 2.0 is not supportable.
ERR: Display.cpp:1063 (initialize): ANGLE Display::initialize error 12289: OpenGL ES 2.0 is not supportable.
[825:825:0728/232422.725357:ERROR:gl_display.cc(520)] EGL Driver message (Critical) eglInitialize: OpenGL ES 2.0 is not supportable.
[825:825:0728/232422.725525:ERROR:gl_display.cc(790)] eglInitialize OpenGL failed with error EGL_NOT_INITIALIZED, trying next display type
[825:825:0728/232422.728183:ERROR:angle_platform_impl.cc(44)] Display.cpp:1063 (initialize): ANGLE Display::initialize error 12289: Could not create a backing OpenGL context.
ERR: Display.cpp:1063 (initialize): ANGLE Display::initialize error 12289: Could not create a backing OpenGL context.
[825:825:0728/232422.728409:ERROR:gl_display.cc(520)] EGL Driver message (Critical) eglInitialize: Could not create a backing OpenGL context.
[825:825:0728/232422.728528:ERROR:gl_display.cc(790)] eglInitialize OpenGLES failed with error EGL_NOT_INITIALIZED
[825:825:0728/232422.728616:ERROR:gl_display.cc(824)] Initialization of all EGL display types failed.
[825:825:0728/232422.728701:ERROR:gl_ozone_egl.cc(26)] GLDisplayEGL::Initialize failed.
[825:825:0728/232422.730940:ERROR:viz_main_impl.cc(186)] Exiting GPU process due to errors during initialization
[862:7:0728/232422.941445:ERROR:command_buffer_proxy_impl.cc(128)] ContextResult::kTransientFailure: Failed to send GpuControl.CreateCommandBuffer.
[786:810:0728/232906.622088:ERROR:cert_verify_proc_builtin.cc(701)] CertVerifyProcBuiltin for match.adsby.bidtheatre.com failed:
----- Certificate i=0 (CN=match.adsby.bidtheatre.com) -----
ERROR: Time is after notAfter


[830:834:0728/232906.623195:ERROR:ssl_client_socket_impl.cc(980)] handshake failed; returned -1, SSL error code 1, net_error -201
[830:834:0728/232956.885758:ERROR:ssl_client_socket_impl.cc(980)] handshake failed; returned -1, SSL error code 1, net_error -101
[830:834:0728/232956.999292:ERROR:ssl_client_socket_impl.cc(980)] handshake failed; returned -1, SSL error code 1, net_error -100
[830:834:0728/232957.112280:ERROR:ssl_client_socket_impl.cc(980)] handshake failed; returned -1, SSL error code 1, net_error -100
[830:834:0728/232957.404506:ERROR:ssl_client_socket_impl.cc(980)] handshake failed; returned -1, SSL error code 1, net_error -101
[830:834:0728/232957.581606:ERROR:ssl_client_socket_impl.cc(980)] handshake failed; returned -1, SSL error code 1, net_error -101
[830:834:0728/232958.503873:ERROR:ssl_client_socket_impl.cc(980)] handshake failed; returned -1, SSL error code 1, net_error -100
[830:834:0728/233117.818707:ERROR:ssl_client_socket_impl.cc(980)] handshake failed; returned -1, SSL error code 1, net_error -100
[830:834:0728/233118.285038:ERROR:ssl_client_socket_impl.cc(980)] handshake failed; returned -1, SSL error code 1, net_error -101
[911:1004:0729/125846.545683:ERROR:object_proxy.cc(590)] Failed to call method: org.freedesktop.DBus.Properties.Get: object_path= /org/freedesktop/UPower: org.freedesktop.DBus.Error.ServiceUnknown: The name org.freedesktop.UPower was not provided by any .service files
[911:1004:0729/125846.545966:ERROR:object_proxy.cc(590)] Failed to call method: org.freedesktop.UPower.GetDisplayDevice: object_path= /org/freedesktop/UPower: org.freedesktop.DBus.Error.ServiceUnknown: The name org.freedesktop.UPower was not provided by any .service files
[911:1004:0729/125846.546137:ERROR:object_proxy.cc(590)] Failed to call method: org.freedesktop.UPower.EnumerateDevices: object_path= /org/freedesktop/UPower: org.freedesktop.DBus.Error.ServiceUnknown: The name org.freedesktop.UPower was not provided by any .service files
[951:951:0729/125846.842238:ERROR:angle_platform_impl.cc(44)] Display.cpp:1063 (initialize): ANGLE Display::initialize error 12289: OpenGL ES 2.0 is not supportable.
ERR: Display.cpp:1063 (initialize): ANGLE Display::initialize error 12289: OpenGL ES 2.0 is not supportable.
[951:951:0729/125846.843303:ERROR:gl_display.cc(520)] EGL Driver message (Critical) eglInitialize: OpenGL ES 2.0 is not supportable.
[951:951:0729/125846.844242:ERROR:gl_display.cc(790)] eglInitialize OpenGL failed with error EGL_NOT_INITIALIZED, trying next display type
[951:951:0729/125846.846575:ERROR:angle_platform_impl.cc(44)] Display.cpp:1063 (initialize): ANGLE Display::initialize error 12289: Could not create a backing OpenGL context.
ERR: Display.cpp:1063 (initialize): ANGLE Display::initialize error 12289: Could not create a backing OpenGL context.
[951:951:0729/125846.846720:ERROR:gl_display.cc(520)] EGL Driver message (Critical) eglInitialize: Could not create a backing OpenGL context.
[951:951:0729/125846.846804:ERROR:gl_display.cc(790)] eglInitialize OpenGLES failed with error EGL_NOT_INITIALIZED
[951:951:0729/125846.846888:ERROR:gl_display.cc(824)] Initialization of all EGL display types failed.
[951:951:0729/125846.847003:ERROR:gl_ozone_egl.cc(26)] GLDisplayEGL::Initialize failed.
[951:951:0729/125846.908088:ERROR:angle_platform_impl.cc(44)] Display.cpp:1063 (initialize): ANGLE Display::initialize error 12289: OpenGL ES 2.0 is not supportable.
ERR: Display.cpp:1063 (initialize): ANGLE Display::initialize error 12289: OpenGL ES 2.0 is not supportable.
[951:951:0729/125846.908232:ERROR:gl_display.cc(520)] EGL Driver message (Critical) eglInitialize: OpenGL ES 2.0 is not supportable.
[951:951:0729/125846.908386:ERROR:gl_display.cc(790)] eglInitialize OpenGL failed with error EGL_NOT_INITIALIZED, trying next display type
[951:951:0729/125846.910751:ERROR:angle_platform_impl.cc(44)] Display.cpp:1063 (initialize): ANGLE Display::initialize error 12289: Could not create a backing OpenGL context.
ERR: Display.cpp:1063 (initialize): ANGLE Display::initialize error 12289: Could not create a backing OpenGL context.
[951:951:0729/125846.910937:ERROR:gl_display.cc(520)] EGL Driver message (Critical) eglInitialize: Could not create a backing OpenGL context.
[951:951:0729/125846.911041:ERROR:gl_display.cc(790)] eglInitialize OpenGLES failed with error EGL_NOT_INITIALIZED
[951:951:0729/125846.911125:ERROR:gl_display.cc(824)] Initialization of all EGL display types failed.
[951:951:0729/125846.911208:ERROR:gl_ozone_egl.cc(26)] GLDisplayEGL::Initialize failed.
[951:951:0729/125846.913237:ERROR:viz_main_impl.cc(186)] Exiting GPU process due to errors during initialization
[982:7:0729/125847.109523:ERROR:command_buffer_proxy_impl.cc(128)] ContextResult::kTransientFailure: Failed to send GpuControl.CreateCommandBuffer.
[956:960:0729/130140.566202:ERROR:ssl_client_socket_impl.cc(980)] handshake failed; returned -1, SSL error code 1, net_error -100
[911:911:0729/132533.801040:ERROR:interface_endpoint_client.cc(702)] Message 1 rejected by interface blink.mojom.WidgetHost
[911:911:0729/132538.712161:ERROR:page_load_metrics_update_dispatcher.cc(178)] Invalid first_paint 0.331 s for first_image_paint 0.322 s
[911:911:0729/132538.872164:ERROR:page_load_metrics_update_dispatcher.cc(178)] Invalid first_paint 0.331 s for first_image_paint 0.322 s
[911:911:0729/132539.170811:ERROR:page_load_metrics_update_dispatcher.cc(178)] Invalid first_paint 0.331 s for first_image_paint 0.322 s
[911:911:0729/132539.271768:ERROR:page_load_metrics_update_dispatcher.cc(178)] Invalid first_paint 0.331 s for first_image_paint 0.322 s
[911:911:0729/132539.382370:ERROR:page_load_metrics_update_dispatcher.cc(178)] Invalid first_paint 0.331 s for first_image_paint 0.322 s
[911:911:0729/132539.497258:ERROR:page_load_metrics_update_dispatcher.cc(178)] Invalid first_paint 0.331 s for first_image_paint 0.322 s
[911:911:0729/132539.832207:ERROR:page_load_metrics_update_dispatcher.cc(178)] Invalid first_paint 0.331 s for first_image_paint 0.322 s
[911:911:0729/132539.944582:ERROR:page_load_metrics_update_dispatcher.cc(178)] Invalid first_paint 0.331 s for first_image_paint 0.322 s
[911:911:0729/132540.048057:ERROR:page_load_metrics_update_dispatcher.cc(178)] Invalid first_paint 0.331 s for first_image_paint 0.322 s
[911:911:0729/132540.168638:ERROR:page_load_metrics_update_dispatcher.cc(178)] Invalid first_paint 0.331 s for first_image_paint 0.322 s
[911:911:0729/132540.520409:ERROR:page_load_metrics_update_dispatcher.cc(178)] Invalid first_paint 0.331 s for first_image_paint 0.322 s
[911:911:0729/132540.632269:ERROR:page_load_metrics_update_dispatcher.cc(178)] Invalid first_paint 0.331 s for first_image_paint 0.322 s
[911:911:0729/132541.024315:ERROR:page_load_metrics_update_dispatcher.cc(178)] Invalid first_paint 0.331 s for first_image_paint 0.322 s
[911:911:0729/132541.264170:ERROR:page_load_metrics_update_dispatcher.cc(178)] Invalid first_paint 0.331 s for first_image_paint 0.322 s
[911:911:0729/132541.768453:ERROR:page_load_metrics_update_dispatcher.cc(178)] Invalid first_paint 0.331 s for first_image_paint 0.322 s
[911:911:0729/132541.879538:ERROR:page_load_metrics_update_dispatcher.cc(178)] Invalid first_paint 0.331 s for first_image_paint 0.322 s
[911:911:0729/132545.008180:ERROR:page_load_metrics_update_dispatcher.cc(178)] Invalid first_paint 0.331 s for first_image_paint 0.322 s
[911:911:0729/132545.616685:ERROR:page_load_metrics_update_dispatcher.cc(178)] Invalid first_paint 0.331 s for first_image_paint 0.322 s
[911:911:0729/132547.925645:ERROR:interface_endpoint_client.cc(702)] Message 1 rejected by interface blink.mojom.WidgetHost
[911:935:0729/132553.588576:ERROR:cert_verify_proc_builtin.cc(701)] CertVerifyProcBuiltin for cookie-sync.api.soundcast.fm failed:
----- Certificate i=0 (CN=*.api.soundcast.fm) -----
ERROR: Time is after notAfter


[956:960:0729/132553.589561:ERROR:ssl_client_socket_impl.cc(980)] handshake failed; returned -1, SSL error code 1, net_error -201
[911:911:0729/132556.680053:ERROR:page_load_metrics_update_dispatcher.cc(178)] Invalid first_paint 0.331 s for first_image_paint 0.322 s
[911:911:0729/132556.797928:ERROR:page_load_metrics_update_dispatcher.cc(178)] Invalid first_paint 0.331 s for first_image_paint 0.322 s
[911:911:0729/132556.904073:ERROR:page_load_metrics_update_dispatcher.cc(178)] Invalid first_paint 0.331 s for first_image_paint 0.322 s
[3205:33:0729/141607.586372:ERROR:rtc_stats_collector.cc(2074)] Unable to add audio 'outbound-rtp' to report, ID is not unique.
[3205:33:0729/141607.586562:ERROR:rtc_stats_collector.cc(2157)] Unable to add video 'outbound-rtp' to report, ID is not unique.
[3205:33:0729/141609.584363:ERROR:rtc_stats_collector.cc(2074)] Unable to add audio 'outbound-rtp' to report, ID is not unique.
[3205:33:0729/141609.584576:ERROR:rtc_stats_collector.cc(2157)] Unable to add video 'outbound-rtp' to report, ID is not unique.
[3205:33:0729/141614.808428:ERROR:rtc_stats_collector.cc(2074)] Unable to add audio 'outbound-rtp' to report, ID is not unique.
[3205:33:0729/141614.808581:ERROR:rtc_stats_collector.cc(2157)] Unable to add video 'outbound-rtp' to report, ID is not unique.
[3205:33:0729/141616.808486:ERROR:rtc_stats_collector.cc(2074)] Unable to add audio 'outbound-rtp' to report, ID is not unique.
[3205:33:0729/141616.808681:ERROR:rtc_stats_collector.cc(2157)] Unable to add video 'outbound-rtp' to report, ID is not unique.
[3205:33:0729/141618.808740:ERROR:rtc_stats_collector.cc(2074)] Unable to add audio 'outbound-rtp' to report, ID is not unique.
[3205:33:0729/141618.808960:ERROR:rtc_stats_collector.cc(2157)] Unable to add video 'outbound-rtp' to report, ID is not unique.
[3205:33:0729/141620.815214:ERROR:rtc_stats_collector.cc(2074)] Unable to add audio 'outbound-rtp' to report, ID is not unique.
[3205:33:0729/141620.815451:ERROR:rtc_stats_collector.cc(2157)] Unable to add video 'outbound-rtp' to report, ID is not unique.
[3205:33:0729/141622.808428:ERROR:rtc_stats_collector.cc(2074)] Unable to add audio 'outbound-rtp' to report, ID is not unique.
[3205:33:0729/141622.808600:ERROR:rtc_stats_collector.cc(2157)] Unable to add video 'outbound-rtp' to report, ID is not unique.
[3205:33:0729/141627.375049:ERROR:rtc_stats_collector.cc(2074)] Unable to add audio 'outbound-rtp' to report, ID is not unique.
[3205:33:0729/141627.375254:ERROR:rtc_stats_collector.cc(2157)] Unable to add video 'outbound-rtp' to report, ID is not unique.
[3205:33:0729/141629.376857:ERROR:rtc_stats_collector.cc(2074)] Unable to add audio 'outbound-rtp' to report, ID is not unique.
[3205:33:0729/141629.377054:ERROR:rtc_stats_collector.cc(2157)] Unable to add video 'outbound-rtp' to report, ID is not unique.
[3205:33:0729/141631.376688:ERROR:rtc_stats_collector.cc(2074)] Unable to add audio 'outbound-rtp' to report, ID is not unique.
[3205:33:0729/141631.376899:ERROR:rtc_stats_collector.cc(2157)] Unable to add video 'outbound-rtp' to report, ID is not unique.
[3205:33:0729/141633.376480:ERROR:rtc_stats_collector.cc(2074)] Unable to add audio 'outbound-rtp' to report, ID is not unique.
[3205:33:0729/141633.376716:ERROR:rtc_stats_collector.cc(2157)] Unable to add video 'outbound-rtp' to report, ID is not unique.
[3205:33:0729/141635.376598:ERROR:rtc_stats_collector.cc(2074)] Unable to add audio 'outbound-rtp' to report, ID is not unique.
[3205:33:0729/141635.376786:ERROR:rtc_stats_collector.cc(2157)] Unable to add video 'outbound-rtp' to report, ID is not unique.
[3205:33:0729/141637.377045:ERROR:rtc_stats_collector.cc(2074)] Unable to add audio 'outbound-rtp' to report, ID is not unique.
[3205:33:0729/141637.377242:ERROR:rtc_stats_collector.cc(2157)] Unable to add video 'outbound-rtp' to report, ID is not unique.
[3205:33:0729/141639.377176:ERROR:rtc_stats_collector.cc(2074)] Unable to add audio 'outbound-rtp' to report, ID is not unique.
[3205:33:0729/141639.377486:ERROR:rtc_stats_collector.cc(2157)] Unable to add video 'outbound-rtp' to report, ID is not unique.
[3205:33:0729/141641.376539:ERROR:rtc_stats_collector.cc(2074)] Unable to add audio 'outbound-rtp' to report, ID is not unique.
[3205:33:0729/141641.376746:ERROR:rtc_stats_collector.cc(2157)] Unable to add video 'outbound-rtp' to report, ID is not unique.
[3205:33:0729/141643.376783:ERROR:rtc_stats_collector.cc(2074)] Unable to add audio 'outbound-rtp' to report, ID is not unique.
[3205:33:0729/141643.377016:ERROR:rtc_stats_collector.cc(2157)] Unable to add video 'outbound-rtp' to report, ID is not unique.
[3205:33:0729/141645.376494:ERROR:rtc_stats_collector.cc(2074)] Unable to add audio 'outbound-rtp' to report, ID is not unique.
[3205:33:0729/141645.376681:ERROR:rtc_stats_collector.cc(2157)] Unable to add video 'outbound-rtp' to report, ID is not unique.
[3205:33:0729/141647.377251:ERROR:rtc_stats_collector.cc(2074)] Unable to add audio 'outbound-rtp' to report, ID is not unique.
[3205:33:0729/141647.377496:ERROR:rtc_stats_collector.cc(2157)] Unable to add video 'outbound-rtp' to report, ID is not unique.
[3205:33:0729/141649.376663:ERROR:rtc_stats_collector.cc(2074)] Unable to add audio 'outbound-rtp' to report, ID is not unique.
[3205:33:0729/141649.376867:ERROR:rtc_stats_collector.cc(2157)] Unable to add video 'outbound-rtp' to report, ID is not unique.
[3205:33:0729/141651.376478:ERROR:rtc_stats_collector.cc(2074)] Unable to add audio 'outbound-rtp' to report, ID is not unique.
[3205:33:0729/141651.376663:ERROR:rtc_stats_collector.cc(2157)] Unable to add video 'outbound-rtp' to report, ID is not unique.
[3205:33:0729/141653.376681:ERROR:rtc_stats_collector.cc(2074)] Unable to add audio 'outbound-rtp' to report, ID is not unique.
[3205:33:0729/141653.376912:ERROR:rtc_stats_collector.cc(2157)] Unable to add video 'outbound-rtp' to report, ID is not unique.
[3205:33:0729/141816.938456:ERROR:dtls_transport.cc(642)] DtlsTransport[0|1|__]: Received non-DTLS packet before DTLS complete.
[3205:33:0729/141818.664828:ERROR:rtc_stats_collector.cc(2074)] Unable to add audio 'outbound-rtp' to report, ID is not unique.
[3205:33:0729/141818.664999:ERROR:rtc_stats_collector.cc(2157)] Unable to add video 'outbound-rtp' to report, ID is not unique.
[3205:33:0729/141820.664542:ERROR:rtc_stats_collector.cc(2074)] Unable to add audio 'outbound-rtp' to report, ID is not unique.
[3205:33:0729/141820.664766:ERROR:rtc_stats_collector.cc(2157)] Unable to add video 'outbound-rtp' to report, ID is not unique.
[3205:33:0729/141822.664686:ERROR:rtc_stats_collector.cc(2074)] Unable to add audio 'outbound-rtp' to report, ID is not unique.
[3205:33:0729/141822.664908:ERROR:rtc_stats_collector.cc(2157)] Unable to add video 'outbound-rtp' to report, ID is not unique.
[3205:33:0729/141824.664730:ERROR:rtc_stats_collector.cc(2074)] Unable to add audio 'outbound-rtp' to report, ID is not unique.
[3205:33:0729/141824.664953:ERROR:rtc_stats_collector.cc(2157)] Unable to add video 'outbound-rtp' to report, ID is not unique.
[3205:33:0729/141826.664538:ERROR:rtc_stats_collector.cc(2074)] Unable to add audio 'outbound-rtp' to report, ID is not unique.
[3205:33:0729/141826.664750:ERROR:rtc_stats_collector.cc(2157)] Unable to add video 'outbound-rtp' to report, ID is not unique.
[3205:33:0729/141828.664605:ERROR:rtc_stats_collector.cc(2074)] Unable to add audio 'outbound-rtp' to report, ID is not unique.
[3205:33:0729/141828.664803:ERROR:rtc_stats_collector.cc(2157)] Unable to add video 'outbound-rtp' to report, ID is not unique.
[3205:33:0729/141830.664603:ERROR:rtc_stats_collector.cc(2074)] Unable to add audio 'outbound-rtp' to report, ID is not unique.
[3205:33:0729/141830.664777:ERROR:rtc_stats_collector.cc(2157)] Unable to add video 'outbound-rtp' to report, ID is not unique.
[3205:33:0729/141832.664550:ERROR:rtc_stats_collector.cc(2074)] Unable to add audio 'outbound-rtp' to report, ID is not unique.
[3205:33:0729/141832.664743:ERROR:rtc_stats_collector.cc(2157)] Unable to add video 'outbound-rtp' to report, ID is not unique.
[3205:33:0729/141834.664742:ERROR:rtc_stats_collector.cc(2074)] Unable to add audio 'outbound-rtp' to report, ID is not unique.
[3205:33:0729/141834.664972:ERROR:rtc_stats_collector.cc(2157)] Unable to add video 'outbound-rtp' to report, ID is not unique.
[3205:33:0729/141836.664679:ERROR:rtc_stats_collector.cc(2074)] Unable to add audio 'outbound-rtp' to report, ID is not unique.
[3205:33:0729/141836.664894:ERROR:rtc_stats_collector.cc(2157)] Unable to add video 'outbound-rtp' to report, ID is not unique.
[3205:33:0729/141838.664455:ERROR:rtc_stats_collector.cc(2074)] Unable to add audio 'outbound-rtp' to report, ID is not unique.
[3205:33:0729/141838.664661:ERROR:rtc_stats_collector.cc(2157)] Unable to add video 'outbound-rtp' to report, ID is not unique.
[3205:33:0729/141840.664633:ERROR:rtc_stats_collector.cc(2074)] Unable to add audio 'outbound-rtp' to report, ID is not unique.
[3205:33:0729/141840.664868:ERROR:rtc_stats_collector.cc(2157)] Unable to add video 'outbound-rtp' to report, ID is not unique.
[3205:33:0729/141842.664505:ERROR:rtc_stats_collector.cc(2074)] Unable to add audio 'outbound-rtp' to report, ID is not unique.
[3205:33:0729/141842.664707:ERROR:rtc_stats_collector.cc(2157)] Unable to add video 'outbound-rtp' to report, ID is not unique.
[3205:33:0729/141853.224647:ERROR:rtc_stats_collector.cc(2074)] Unable to add audio 'outbound-rtp' to report, ID is not unique.
[3205:33:0729/141853.224899:ERROR:rtc_stats_collector.cc(2157)] Unable to add video 'outbound-rtp' to report, ID is not unique.
[3205:33:0729/141855.224500:ERROR:rtc_stats_collector.cc(2074)] Unable to add audio 'outbound-rtp' to report, ID is not unique.
[3205:33:0729/141855.224675:ERROR:rtc_stats_collector.cc(2157)] Unable to add video 'outbound-rtp' to report, ID is not unique.
[3205:33:0729/141857.224515:ERROR:rtc_stats_collector.cc(2074)] Unable to add audio 'outbound-rtp' to report, ID is not unique.
[3205:33:0729/141857.224748:ERROR:rtc_stats_collector.cc(2157)] Unable to add video 'outbound-rtp' to report, ID is not unique.
[3205:33:0729/141859.224494:ERROR:rtc_stats_collector.cc(2074)] Unable to add audio 'outbound-rtp' to report, ID is not unique.
[3205:33:0729/141859.224684:ERROR:rtc_stats_collector.cc(2157)] Unable to add video 'outbound-rtp' to report, ID is not unique.
[3205:33:0729/141901.224623:ERROR:rtc_stats_collector.cc(2074)] Unable to add audio 'outbound-rtp' to report, ID is not unique.
[3205:33:0729/141901.224853:ERROR:rtc_stats_collector.cc(2157)] Unable to add video 'outbound-rtp' to report, ID is not unique.
[3205:33:0729/141903.224453:ERROR:rtc_stats_collector.cc(2074)] Unable to add audio 'outbound-rtp' to report, ID is not unique.
[3205:33:0729/141903.224634:ERROR:rtc_stats_collector.cc(2157)] Unable to add video 'outbound-rtp' to report, ID is not unique.
[3205:33:0729/141905.224568:ERROR:rtc_stats_collector.cc(2074)] Unable to add audio 'outbound-rtp' to report, ID is not unique.
[3205:33:0729/141905.224772:ERROR:rtc_stats_collector.cc(2157)] Unable to add video 'outbound-rtp' to report, ID is not unique.
[3205:33:0729/141907.225017:ERROR:rtc_stats_collector.cc(2074)] Unable to add audio 'outbound-rtp' to report, ID is not unique.
[3205:33:0729/141907.225185:ERROR:rtc_stats_collector.cc(2157)] Unable to add video 'outbound-rtp' to report, ID is not unique.
[3205:33:0729/141909.224467:ERROR:rtc_stats_collector.cc(2074)] Unable to add audio 'outbound-rtp' to report, ID is not unique.
[3205:33:0729/141909.224663:ERROR:rtc_stats_collector.cc(2157)] Unable to add video 'outbound-rtp' to report, ID is not unique.
[3205:33:0729/141911.224470:ERROR:rtc_stats_collector.cc(2074)] Unable to add audio 'outbound-rtp' to report, ID is not unique.
[3205:33:0729/141911.224672:ERROR:rtc_stats_collector.cc(2157)] Unable to add video 'outbound-rtp' to report, ID is not unique.
[3205:33:0729/141913.224439:ERROR:rtc_stats_collector.cc(2074)] Unable to add audio 'outbound-rtp' to report, ID is not unique.
[3205:33:0729/141913.224621:ERROR:rtc_stats_collector.cc(2157)] Unable to add video 'outbound-rtp' to report, ID is not unique.
[3205:33:0729/141915.224659:ERROR:rtc_stats_collector.cc(2074)] Unable to add audio 'outbound-rtp' to report, ID is not unique.
[3205:33:0729/141915.224900:ERROR:rtc_stats_collector.cc(2157)] Unable to add video 'outbound-rtp' to report, ID is not unique.
[3205:33:0729/141917.224635:ERROR:rtc_stats_collector.cc(2074)] Unable to add audio 'outbound-rtp' to report, ID is not unique.
[3205:33:0729/141917.224846:ERROR:rtc_stats_collector.cc(2157)] Unable to add video 'outbound-rtp' to report, ID is not unique.
[3205:33:0729/141919.224492:ERROR:rtc_stats_collector.cc(2074)] Unable to add audio 'outbound-rtp' to report, ID is not unique.
[3205:33:0729/141919.224693:ERROR:rtc_stats_collector.cc(2157)] Unable to add video 'outbound-rtp' to report, ID is not unique.
[3205:33:0729/142527.832609:ERROR:rtc_stats_collector.cc(2074)] Unable to add audio 'outbound-rtp' to report, ID is not unique.
[3205:33:0729/142527.832894:ERROR:rtc_stats_collector.cc(2157)] Unable to add video 'outbound-rtp' to report, ID is not unique.
[3205:33:0729/142529.931504:ERROR:rtc_stats_collector.cc(2074)] Unable to add audio 'outbound-rtp' to report, ID is not unique.
[3205:33:0729/142529.931703:ERROR:rtc_stats_collector.cc(2157)] Unable to add video 'outbound-rtp' to report, ID is not unique.
[3205:33:0729/142531.831521:ERROR:rtc_stats_collector.cc(2074)] Unable to add audio 'outbound-rtp' to report, ID is not unique.
[3205:33:0729/142531.831918:ERROR:rtc_stats_collector.cc(2157)] Unable to add video 'outbound-rtp' to report, ID is not unique.
[3205:33:0729/142533.832866:ERROR:rtc_stats_collector.cc(2074)] Unable to add audio 'outbound-rtp' to report, ID is not unique.
[3205:33:0729/142533.833108:ERROR:rtc_stats_collector.cc(2157)] Unable to add video 'outbound-rtp' to report, ID is not unique.
[3205:33:0729/142535.832478:ERROR:rtc_stats_collector.cc(2074)] Unable to add audio 'outbound-rtp' to report, ID is not unique.
[3205:33:0729/142535.832709:ERROR:rtc_stats_collector.cc(2157)] Unable to add video 'outbound-rtp' to report, ID is not unique.
[3205:33:0729/142537.832964:ERROR:rtc_stats_collector.cc(2074)] Unable to add audio 'outbound-rtp' to report, ID is not unique.
[3205:33:0729/142537.833201:ERROR:rtc_stats_collector.cc(2157)] Unable to add video 'outbound-rtp' to report, ID is not unique.
[3205:33:0729/142539.885074:ERROR:rtc_stats_collector.cc(2074)] Unable to add audio 'outbound-rtp' to report, ID is not unique.
[3205:33:0729/142539.885285:ERROR:rtc_stats_collector.cc(2157)] Unable to add video 'outbound-rtp' to report, ID is not unique.
[3205:33:0729/142541.832539:ERROR:rtc_stats_collector.cc(2074)] Unable to add audio 'outbound-rtp' to report, ID is not unique.
[3205:33:0729/142541.832760:ERROR:rtc_stats_collector.cc(2157)] Unable to add video 'outbound-rtp' to report, ID is not unique.
[3205:33:0729/142543.833129:ERROR:rtc_stats_collector.cc(2074)] Unable to add audio 'outbound-rtp' to report, ID is not unique.
[3205:33:0729/142543.833354:ERROR:rtc_stats_collector.cc(2157)] Unable to add video 'outbound-rtp' to report, ID is not unique.
[3205:33:0729/142545.832549:ERROR:rtc_stats_collector.cc(2074)] Unable to add audio 'outbound-rtp' to report, ID is not unique.
[3205:33:0729/142545.832785:ERROR:rtc_stats_collector.cc(2157)] Unable to add video 'outbound-rtp' to report, ID is not unique.
[3205:33:0729/142547.827519:ERROR:rtc_stats_collector.cc(2074)] Unable to add audio 'outbound-rtp' to report, ID is not unique.
[3205:33:0729/142547.827785:ERROR:rtc_stats_collector.cc(2157)] Unable to add video 'outbound-rtp' to report, ID is not unique.
[911:911:0729/142910.077147:ERROR:page_load_metrics_update_dispatcher.cc(178)] Invalid first_paint 0.331 s for first_image_paint 0.322 s
[911:911:0729/142910.194205:ERROR:page_load_metrics_update_dispatcher.cc(178)] Invalid first_paint 0.331 s for first_image_paint 0.322 s
[911:911:0729/142910.460609:ERROR:page_load_metrics_update_dispatcher.cc(178)] Invalid first_paint 0.331 s for first_image_paint 0.322 s
[911:911:0729/142910.584316:ERROR:page_load_metrics_update_dispatcher.cc(178)] Invalid first_paint 0.331 s for first_image_paint 0.322 s
[911:911:0729/142910.752272:ERROR:page_load_metrics_update_dispatcher.cc(178)] Invalid first_paint 0.331 s for first_image_paint 0.322 s
[911:911:0729/142910.864145:ERROR:page_load_metrics_update_dispatcher.cc(178)] Invalid first_paint 0.331 s for first_image_paint 0.322 s
[911:911:0729/142911.310936:ERROR:page_load_metrics_update_dispatcher.cc(178)] Invalid first_paint 0.331 s for first_image_paint 0.322 s
[911:911:0729/142911.427496:ERROR:page_load_metrics_update_dispatcher.cc(178)] Invalid first_paint 0.331 s for first_image_paint 0.322 s
[911:911:0729/142911.560637:ERROR:page_load_metrics_update_dispatcher.cc(178)] Invalid first_paint 0.331 s for first_image_paint 0.322 s
[911:911:0729/142913.936167:ERROR:page_load_metrics_update_dispatcher.cc(178)] Invalid first_paint 0.331 s for first_image_paint 0.322 s
[911:911:0729/142914.072229:ERROR:page_load_metrics_update_dispatcher.cc(178)] Invalid first_paint 0.331 s for first_image_paint 0.322 s
[911:911:0729/142914.344237:ERROR:page_load_metrics_update_dispatcher.cc(178)] Invalid first_paint 0.331 s for first_image_paint 0.322 s
[911:911:0729/142914.448512:ERROR:page_load_metrics_update_dispatcher.cc(178)] Invalid first_paint 0.331 s for first_image_paint 0.322 s
To use Visual Studio Code with the Windows Subsystem for Linux, please install Visual Studio Code in Windows and uninstall the Linux version in WSL. You can then use the `code` command in a WSL terminal just as you would in a normal command prompt.
Do you want to continue anyway? [y/N] [1631:1769:0729/150505.817101:ERROR:object_proxy.cc(590)] Failed to call method: org.freedesktop.DBus.Properties.Get: object_path= /org/freedesktop/UPower: org.freedesktop.DBus.Error.ServiceUnknown: The name org.freedesktop.UPower was not provided by any .service files
[1631:1769:0729/150505.817663:ERROR:object_proxy.cc(590)] Failed to call method: org.freedesktop.UPower.GetDisplayDevice: object_path= /org/freedesktop/UPower: org.freedesktop.DBus.Error.ServiceUnknown: The name org.freedesktop.UPower was not provided by any .service files
[1631:1769:0729/150505.818157:ERROR:object_proxy.cc(590)] Failed to call method: org.freedesktop.UPower.EnumerateDevices: object_path= /org/freedesktop/UPower: org.freedesktop.DBus.Error.ServiceUnknown: The name org.freedesktop.UPower was not provided by any .service files
[1685:1685:0729/150506.093284:ERROR:angle_platform_impl.cc(44)] Display.cpp:1063 (initialize): ANGLE Display::initialize error 12289: OpenGL ES 2.0 is not supportable.
ERR: Display.cpp:1063 (initialize): ANGLE Display::initialize error 12289: OpenGL ES 2.0 is not supportable.
[1685:1685:0729/150506.094487:ERROR:gl_display.cc(520)] EGL Driver message (Critical) eglInitialize: OpenGL ES 2.0 is not supportable.
[1685:1685:0729/150506.095630:ERROR:gl_display.cc(790)] eglInitialize OpenGL failed with error EGL_NOT_INITIALIZED, trying next display type
[1685:1685:0729/150506.105943:ERROR:angle_platform_impl.cc(44)] Display.cpp:1063 (initialize): ANGLE Display::initialize error 12289: Could not create a backing OpenGL context.
ERR: Display.cpp:1063 (initialize): ANGLE Display::initialize error 12289: Could not create a backing OpenGL context.
[1685:1685:0729/150506.106263:ERROR:gl_display.cc(520)] EGL Driver message (Critical) eglInitialize: Could not create a backing OpenGL context.
[1685:1685:0729/150506.106425:ERROR:gl_display.cc(790)] eglInitialize OpenGLES failed with error EGL_NOT_INITIALIZED
[1685:1685:0729/150506.106565:ERROR:gl_display.cc(824)] Initialization of all EGL display types failed.
[1685:1685:0729/150506.106711:ERROR:gl_ozone_egl.cc(26)] GLDisplayEGL::Initialize failed.
[1685:1685:0729/150506.177390:ERROR:angle_platform_impl.cc(44)] Display.cpp:1063 (initialize): ANGLE Display::initialize error 12289: OpenGL ES 2.0 is not supportable.
ERR: Display.cpp:1063 (initialize): ANGLE Display::initialize error 12289: OpenGL ES 2.0 is not supportable.
[1685:1685:0729/150506.177629:ERROR:gl_display.cc(520)] EGL Driver message (Critical) eglInitialize: OpenGL ES 2.0 is not supportable.
[1685:1685:0729/150506.177798:ERROR:gl_display.cc(790)] eglInitialize OpenGL failed with error EGL_NOT_INITIALIZED, trying next display type
[1685:1685:0729/150506.180475:ERROR:angle_platform_impl.cc(44)] Display.cpp:1063 (initialize): ANGLE Display::initialize error 12289: Could not create a backing OpenGL context.
ERR: Display.cpp:1063 (initialize): ANGLE Display::initialize error 12289: Could not create a backing OpenGL context.
[1685:1685:0729/150506.180651:ERROR:gl_display.cc(520)] EGL Driver message (Critical) eglInitialize: Could not create a backing OpenGL context.
[1685:1685:0729/150506.180761:ERROR:gl_display.cc(790)] eglInitialize OpenGLES failed with error EGL_NOT_INITIALIZED
[1685:1685:0729/150506.180852:ERROR:gl_display.cc(824)] Initialization of all EGL display types failed.
[1685:1685:0729/150506.180933:ERROR:gl_ozone_egl.cc(26)] GLDisplayEGL::Initialize failed.
[1685:1685:0729/150506.183361:ERROR:viz_main_impl.cc(186)] Exiting GPU process due to errors during initialization
[1742:7:0729/150506.366733:ERROR:command_buffer_proxy_impl.cc(128)] ContextResult::kTransientFailure: Failed to send GpuControl.CreateCommandBuffer.
[1690:1694:0729/151243.983195:ERROR:ssl_client_socket_impl.cc(980)] handshake failed; returned -1, SSL error code 1, net_error -101
[1690:1694:0729/151317.584919:ERROR:ssl_client_socket_impl.cc(980)] handshake failed; returned -1, SSL error code 1, net_error -100
[1690:1694:0729/151318.055550:ERROR:ssl_client_socket_impl.cc(980)] handshake failed; returned -1, SSL error code 1, net_error -100
[1690:1694:0729/151621.086166:ERROR:ssl_client_socket_impl.cc(980)] handshake failed; returned -1, SSL error code 1, net_error -101
Fontconfig error: Cannot load default config file: No such file: (null)
[1690:1694:0729/151636.267507:ERROR:ssl_client_socket_impl.cc(980)] handshake failed; returned -1, SSL error code 1, net_error -101
[1631:1631:0729/152341.569475:ERROR:interface_endpoint_client.cc(702)] Message 1 rejected by interface blink.mojom.WidgetHost
[838:938:0729/193003.242370:ERROR:object_proxy.cc(590)] Failed to call method: org.freedesktop.DBus.Properties.Get: object_path= /org/freedesktop/UPower: org.freedesktop.DBus.Error.ServiceUnknown: The name org.freedesktop.UPower was not provided by any .service files
[838:938:0729/193003.242658:ERROR:object_proxy.cc(590)] Failed to call method: org.freedesktop.UPower.GetDisplayDevice: object_path= /org/freedesktop/UPower: org.freedesktop.DBus.Error.ServiceUnknown: The name org.freedesktop.UPower was not provided by any .service files
[838:938:0729/193003.242810:ERROR:object_proxy.cc(590)] Failed to call method: org.freedesktop.UPower.EnumerateDevices: object_path= /org/freedesktop/UPower: org.freedesktop.DBus.Error.ServiceUnknown: The name org.freedesktop.UPower was not provided by any .service files
[877:877:0729/193003.499185:ERROR:angle_platform_impl.cc(44)] Display.cpp:1063 (initialize): ANGLE Display::initialize error 12289: OpenGL ES 2.0 is not supportable.
ERR: Display.cpp:1063 (initialize): ANGLE Display::initialize error 12289: OpenGL ES 2.0 is not supportable.
[877:877:0729/193003.499981:ERROR:gl_display.cc(520)] EGL Driver message (Critical) eglInitialize: OpenGL ES 2.0 is not supportable.
[877:877:0729/193003.500946:ERROR:gl_display.cc(790)] eglInitialize OpenGL failed with error EGL_NOT_INITIALIZED, trying next display type
[877:877:0729/193003.504072:ERROR:angle_platform_impl.cc(44)] Display.cpp:1063 (initialize): ANGLE Display::initialize error 12289: Could not create a backing OpenGL context.
ERR: Display.cpp:1063 (initialize): ANGLE Display::initialize error 12289: Could not create a backing OpenGL context.
[877:877:0729/193003.504224:ERROR:gl_display.cc(520)] EGL Driver message (Critical) eglInitialize: Could not create a backing OpenGL context.
[877:877:0729/193003.504335:ERROR:gl_display.cc(790)] eglInitialize OpenGLES failed with error EGL_NOT_INITIALIZED
[877:877:0729/193003.504427:ERROR:gl_display.cc(824)] Initialization of all EGL display types failed.
[877:877:0729/193003.504526:ERROR:gl_ozone_egl.cc(26)] GLDisplayEGL::Initialize failed.
[877:877:0729/193003.548666:ERROR:angle_platform_impl.cc(44)] Display.cpp:1063 (initialize): ANGLE Display::initialize error 12289: OpenGL ES 2.0 is not supportable.
ERR: Display.cpp:1063 (initialize): ANGLE Display::initialize error 12289: OpenGL ES 2.0 is not supportable.
[877:877:0729/193003.548825:ERROR:gl_display.cc(520)] EGL Driver message (Critical) eglInitialize: OpenGL ES 2.0 is not supportable.
[877:877:0729/193003.548944:ERROR:gl_display.cc(790)] eglInitialize OpenGL failed with error EGL_NOT_INITIALIZED, trying next display type
[877:877:0729/193003.551447:ERROR:angle_platform_impl.cc(44)] Display.cpp:1063 (initialize): ANGLE Display::initialize error 12289: Could not create a backing OpenGL context.
ERR: Display.cpp:1063 (initialize): ANGLE Display::initialize error 12289: Could not create a backing OpenGL context.
[877:877:0729/193003.551615:ERROR:gl_display.cc(520)] EGL Driver message (Critical) eglInitialize: Could not create a backing OpenGL context.
[877:877:0729/193003.551717:ERROR:gl_display.cc(790)] eglInitialize OpenGLES failed with error EGL_NOT_INITIALIZED
[877:877:0729/193003.551806:ERROR:gl_display.cc(824)] Initialization of all EGL display types failed.
[877:877:0729/193003.551896:ERROR:gl_ozone_egl.cc(26)] GLDisplayEGL::Initialize failed.
[877:877:0729/193003.554185:ERROR:viz_main_impl.cc(186)] Exiting GPU process due to errors during initialization
[914:7:0729/193003.785961:ERROR:command_buffer_proxy_impl.cc(128)] ContextResult::kTransientFailure: Failed to send GpuControl.CreateCommandBuffer.
[882:887:0729/193026.403525:ERROR:ssl_client_socket_impl.cc(980)] handshake failed; returned -1, SSL error code 1, net_error -101
[882:887:0729/193026.625467:ERROR:ssl_client_socket_impl.cc(980)] handshake failed; returned -1, SSL error code 1, net_error -101
[882:887:0729/193026.870410:ERROR:ssl_client_socket_impl.cc(980)] handshake failed; returned -1, SSL error code 1, net_error -100
[838:838:0729/211819.689981:ERROR:interface_endpoint_client.cc(702)] Message 1 rejected by interface blink.mojom.WidgetHost
[882:887:0729/211831.098769:ERROR:ssl_client_socket_impl.cc(980)] handshake failed; returned -1, SSL error code 1, net_error -100
[882:887:0729/211831.112506:ERROR:ssl_client_socket_impl.cc(980)] handshake failed; returned -1, SSL error code 1, net_error -101
[882:887:0729/211831.584658:ERROR:ssl_client_socket_impl.cc(980)] handshake failed; returned -1, SSL error code 1, net_error -101
[882:887:0729/212147.590077:ERROR:ssl_client_socket_impl.cc(980)] handshake failed; returned -1, SSL error code 1, net_error -101
[882:887:0729/212147.830724:ERROR:ssl_client_socket_impl.cc(980)] handshake failed; returned -1, SSL error code 1, net_error -101
[838:838:0729/212335.873451:ERROR:interface_endpoint_client.cc(702)] Message 1 rejected by interface blink.mojom.WidgetHost
[838:838:0729/212946.201602:ERROR:interface_endpoint_client.cc(702)] Message 1 rejected by interface blink.mojom.WidgetHost
[838:838:0729/213018.863535:ERROR:interface_endpoint_client.cc(702)] Message 0 rejected by interface blink.mojom.WidgetHost
[882:887:0729/215130.692789:ERROR:ssl_client_socket_impl.cc(980)] handshake failed; returned -1, SSL error code 1, net_error -100
[882:887:0729/215131.162831:ERROR:ssl_client_socket_impl.cc(980)] handshake failed; returned -1, SSL error code 1, net_error -101
[882:887:0729/215244.307816:ERROR:ssl_client_socket_impl.cc(980)] handshake failed; returned -1, SSL error code 1, net_error -101
[838:838:0729/215946.956999:ERROR:browser_main_loop.cc(274)] Gdk: gdk_window_get_window_type: assertion 'GDK_IS_WINDOW (window)' failed
[838:838:0729/215950.395823:ERROR:interface_endpoint_client.cc(702)] Message 1 rejected by interface blink.mojom.WidgetHost
[882:887:0729/220131.627803:ERROR:ssl_client_socket_impl.cc(980)] handshake failed; returned -1, SSL error code 1, net_error -101
[882:887:0729/220131.637104:ERROR:ssl_client_socket_impl.cc(980)] handshake failed; returned -1, SSL error code 1, net_error -100
[882:887:0729/220132.098195:ERROR:ssl_client_socket_impl.cc(980)] handshake failed; returned -1, SSL error code 1, net_error -101
[838:838:0729/220137.281266:ERROR:interface_endpoint_client.cc(702)] Message 1 rejected by interface blink.mojom.WidgetHost
[882:887:0729/220143.906194:ERROR:ssl_client_socket_impl.cc(980)] handshake failed; returned -1, SSL error code 1, net_error -101
[882:887:0729/220144.366329:ERROR:ssl_client_socket_impl.cc(980)] handshake failed; returned -1, SSL error code 1, net_error -101
[882:887:0729/220144.413200:ERROR:ssl_client_socket_impl.cc(980)] handshake failed; returned -1, SSL error code 1, net_error -100
[838:838:0729/220214.234336:ERROR:interface_endpoint_client.cc(702)] Message 3 rejected by interface blink.mojom.Widget
[882:887:0729/221224.865543:ERROR:ssl_client_socket_impl.cc(980)] handshake failed; returned -1, SSL error code 1, net_error -100
[882:887:0729/221225.109138:ERROR:ssl_client_socket_impl.cc(980)] handshake failed; returned -1, SSL error code 1, net_error -100
[882:887:0729/221225.340832:ERROR:ssl_client_socket_impl.cc(980)] handshake failed; returned -1, SSL error code 1, net_error -101
[882:887:0729/221225.581671:ERROR:ssl_client_socket_impl.cc(980)] handshake failed; returned -1, SSL error code 1, net_error -101
Fontconfig error: Cannot load default config file: No such file: (null)
[882:887:0729/223112.492521:ERROR:ssl_client_socket_impl.cc(980)] handshake failed; returned -1, SSL error code 1, net_error -100
[882:887:0729/223112.709367:ERROR:ssl_client_socket_impl.cc(980)] handshake failed; returned -1, SSL error code 1, net_error -100
[882:887:0729/223113.171574:ERROR:ssl_client_socket_impl.cc(980)] handshake failed; returned -1, SSL error code 1, net_error -100
[838:838:0729/223527.429636:ERROR:interface_endpoint_client.cc(702)] Message 1 rejected by interface blink.mojom.WidgetHost
[838:838:0729/223527.429694:ERROR:interface_endpoint_client.cc(702)] Message 1 rejected by interface blink.mojom.WidgetHost
[838:838:0729/223527.429787:ERROR:interface_endpoint_client.cc(702)] Message 1 rejected by interface blink.mojom.WidgetHost
[882:887:0729/224028.793350:ERROR:ssl_client_socket_impl.cc(980)] handshake failed; returned -1, SSL error code 1, net_error -101
[882:887:0729/224029.006011:ERROR:ssl_client_socket_impl.cc(980)] handshake failed; returned -1, SSL error code 1, net_error -100
[882:887:0729/224029.298105:ERROR:ssl_client_socket_impl.cc(980)] handshake failed; returned -1, SSL error code 1, net_error -101
[882:887:0729/224029.499265:ERROR:ssl_client_socket_impl.cc(980)] handshake failed; returned -1, SSL error code 1, net_error -101
[838:838:0729/225812.391189:ERROR:interface_endpoint_client.cc(702)] Message 0 rejected by interface blink.mojom.WidgetHost
[882:887:0729/225920.458789:ERROR:ssl_client_socket_impl.cc(980)] handshake failed; returned -1, SSL error code 1, net_error -101
[882:887:0729/225920.664850:ERROR:ssl_client_socket_impl.cc(980)] handshake failed; returned -1, SSL error code 1, net_error -101
[882:887:0729/225920.931527:ERROR:ssl_client_socket_impl.cc(980)] handshake failed; returned -1, SSL error code 1, net_error -101
[882:887:0729/225921.136882:ERROR:ssl_client_socket_impl.cc(980)] handshake failed; returned -1, SSL error code 1, net_error -101
[1004:1004:0729/231856.433033:ERROR:gl_utils.cc(402)] [.WebGL-0xb1000a2cd00]GL Driver Message (OpenGL, Performance, GL_CLOSE_PATH_NV, High): GPU stall due to ReadPixels
[838:838:0729/232412.937479:ERROR:interface_endpoint_client.cc(702)] Message 1 rejected by interface blink.mojom.WidgetHost
[882:887:0729/232615.607855:ERROR:ssl_client_socket_impl.cc(980)] handshake failed; returned -1, SSL error code 1, net_error -101
[882:887:0729/232616.074892:ERROR:ssl_client_socket_impl.cc(980)] handshake failed; returned -1, SSL error code 1, net_error -101
[1004:1026:0729/233803.212667:ERROR:connection.cc(46)] X connection error received.
[1004:1004:0729/233803.212661:ERROR:connection.cc(46)] X connection error received.
[856:980:0730/112535.225075:ERROR:object_proxy.cc(590)] Failed to call method: org.freedesktop.DBus.Properties.Get: object_path= /org/freedesktop/UPower: org.freedesktop.DBus.Error.ServiceUnknown: The name org.freedesktop.UPower was not provided by any .service files
[856:980:0730/112535.225327:ERROR:object_proxy.cc(590)] Failed to call method: org.freedesktop.UPower.GetDisplayDevice: object_path= /org/freedesktop/UPower: org.freedesktop.DBus.Error.ServiceUnknown: The name org.freedesktop.UPower was not provided by any .service files
[856:980:0730/112535.225542:ERROR:object_proxy.cc(590)] Failed to call method: org.freedesktop.UPower.EnumerateDevices: object_path= /org/freedesktop/UPower: org.freedesktop.DBus.Error.ServiceUnknown: The name org.freedesktop.UPower was not provided by any .service files
[896:896:0730/112535.447735:ERROR:angle_platform_impl.cc(44)] Display.cpp:1063 (initialize): ANGLE Display::initialize error 12289: OpenGL ES 2.0 is not supportable.
ERR: Display.cpp:1063 (initialize): ANGLE Display::initialize error 12289: OpenGL ES 2.0 is not supportable.
[896:896:0730/112535.448711:ERROR:gl_display.cc(520)] EGL Driver message (Critical) eglInitialize: OpenGL ES 2.0 is not supportable.
[896:896:0730/112535.449698:ERROR:gl_display.cc(790)] eglInitialize OpenGL failed with error EGL_NOT_INITIALIZED, trying next display type
[896:896:0730/112535.453443:ERROR:angle_platform_impl.cc(44)] Display.cpp:1063 (initialize): ANGLE Display::initialize error 12289: Could not create a backing OpenGL context.
ERR: Display.cpp:1063 (initialize): ANGLE Display::initialize error 12289: Could not create a backing OpenGL context.
[896:896:0730/112535.453652:ERROR:gl_display.cc(520)] EGL Driver message (Critical) eglInitialize: Could not create a backing OpenGL context.
[896:896:0730/112535.453794:ERROR:gl_display.cc(790)] eglInitialize OpenGLES failed with error EGL_NOT_INITIALIZED
[896:896:0730/112535.453927:ERROR:gl_display.cc(824)] Initialization of all EGL display types failed.
[896:896:0730/112535.454061:ERROR:gl_ozone_egl.cc(26)] GLDisplayEGL::Initialize failed.
[896:896:0730/112535.525174:ERROR:angle_platform_impl.cc(44)] Display.cpp:1063 (initialize): ANGLE Display::initialize error 12289: OpenGL ES 2.0 is not supportable.
ERR: Display.cpp:1063 (initialize): ANGLE Display::initialize error 12289: OpenGL ES 2.0 is not supportable.
[896:896:0730/112535.525345:ERROR:gl_display.cc(520)] EGL Driver message (Critical) eglInitialize: OpenGL ES 2.0 is not supportable.
[896:896:0730/112535.525468:ERROR:gl_display.cc(790)] eglInitialize OpenGL failed with error EGL_NOT_INITIALIZED, trying next display type
[896:896:0730/112535.527617:ERROR:angle_platform_impl.cc(44)] Display.cpp:1063 (initialize): ANGLE Display::initialize error 12289: Could not create a backing OpenGL context.
ERR: Display.cpp:1063 (initialize): ANGLE Display::initialize error 12289: Could not create a backing OpenGL context.
[896:896:0730/112535.527777:ERROR:gl_display.cc(520)] EGL Driver message (Critical) eglInitialize: Could not create a backing OpenGL context.
[896:896:0730/112535.527908:ERROR:gl_display.cc(790)] eglInitialize OpenGLES failed with error EGL_NOT_INITIALIZED
[896:896:0730/112535.528027:ERROR:gl_display.cc(824)] Initialization of all EGL display types failed.
[896:896:0730/112535.528139:ERROR:gl_ozone_egl.cc(26)] GLDisplayEGL::Initialize failed.
[896:896:0730/112535.530246:ERROR:viz_main_impl.cc(186)] Exiting GPU process due to errors during initialization
[932:7:0730/112535.693414:ERROR:command_buffer_proxy_impl.cc(128)] ContextResult::kTransientFailure: Failed to send GpuControl.CreateCommandBuffer.
[856:856:0730/112825.885722:ERROR:interface_endpoint_client.cc(702)] Message 1 rejected by interface blink.mojom.WidgetHost
[856:856:0730/112825.885769:ERROR:interface_endpoint_client.cc(702)] Message 1 rejected by interface blink.mojom.WidgetHost
[901:905:0730/114038.849228:ERROR:ssl_client_socket_impl.cc(980)] handshake failed; returned -1, SSL error code 1, net_error -100
[901:905:0730/114039.073935:ERROR:ssl_client_socket_impl.cc(980)] handshake failed; returned -1, SSL error code 1, net_error -101
[901:905:0730/114039.540684:ERROR:ssl_client_socket_impl.cc(980)] handshake failed; returned -1, SSL error code 1, net_error -100
[901:905:0730/121544.435213:ERROR:ssl_client_socket_impl.cc(980)] handshake failed; returned -1, SSL error code 1, net_error -100
[901:905:0730/121544.564005:ERROR:ssl_client_socket_impl.cc(980)] handshake failed; returned -1, SSL error code 1, net_error -101
[901:905:0730/121544.663444:ERROR:ssl_client_socket_impl.cc(980)] handshake failed; returned -1, SSL error code 1, net_error -101
[901:905:0730/121545.032473:ERROR:ssl_client_socket_impl.cc(980)] handshake failed; returned -1, SSL error code 1, net_error -101
[901:905:0730/121545.130301:ERROR:ssl_client_socket_impl.cc(980)] handshake failed; returned -1, SSL error code 1, net_error -101
[901:905:0730/121821.785933:ERROR:ssl_client_socket_impl.cc(980)] handshake failed; returned -1, SSL error code 1, net_error -100
[901:905:0730/121822.247406:ERROR:ssl_client_socket_impl.cc(980)] handshake failed; returned -1, SSL error code 1, net_error -100
[901:905:0730/125620.811376:ERROR:ssl_client_socket_impl.cc(980)] handshake failed; returned -1, SSL error code 1, net_error -101
[901:905:0730/125621.030549:ERROR:ssl_client_socket_impl.cc(980)] handshake failed; returned -1, SSL error code 1, net_error -101
[901:905:0730/125621.285634:ERROR:ssl_client_socket_impl.cc(980)] handshake failed; returned -1, SSL error code 1, net_error -101
[901:905:0730/125621.496681:ERROR:ssl_client_socket_impl.cc(980)] handshake failed; returned -1, SSL error code 1, net_error -101
[901:905:0730/130520.716484:ERROR:ssl_client_socket_impl.cc(980)] handshake failed; returned -1, SSL error code 1, net_error -101
[901:905:0730/130520.942138:ERROR:ssl_client_socket_impl.cc(980)] handshake failed; returned -1, SSL error code 1, net_error -101
[901:905:0730/130521.180027:ERROR:ssl_client_socket_impl.cc(980)] handshake failed; returned -1, SSL error code 1, net_error -101
[901:905:0730/130521.412012:ERROR:ssl_client_socket_impl.cc(980)] handshake failed; returned -1, SSL error code 1, net_error -101
[901:905:0730/131421.006385:ERROR:ssl_client_socket_impl.cc(980)] handshake failed; returned -1, SSL error code 1, net_error -100
[901:905:0730/131421.475811:ERROR:ssl_client_socket_impl.cc(980)] handshake failed; returned -1, SSL error code 1, net_error -101
[1023:1023:0730/134423.909195:ERROR:connection.cc(46)] X connection error received.
[1023:1045:0730/134423.913092:ERROR:connection.cc(46)] X connection error received.
[852:958:0731/124904.289461:ERROR:object_proxy.cc(590)] Failed to call method: org.freedesktop.DBus.Properties.Get: object_path= /org/freedesktop/UPower: org.freedesktop.DBus.Error.ServiceUnknown: The name org.freedesktop.UPower was not provided by any .service files
[852:958:0731/124904.289712:ERROR:object_proxy.cc(590)] Failed to call method: org.freedesktop.UPower.GetDisplayDevice: object_path= /org/freedesktop/UPower: org.freedesktop.DBus.Error.ServiceUnknown: The name org.freedesktop.UPower was not provided by any .service files
[852:958:0731/124904.289897:ERROR:object_proxy.cc(590)] Failed to call method: org.freedesktop.UPower.EnumerateDevices: object_path= /org/freedesktop/UPower: org.freedesktop.DBus.Error.ServiceUnknown: The name org.freedesktop.UPower was not provided by any .service files
[893:893:0731/124904.531356:ERROR:angle_platform_impl.cc(44)] Display.cpp:1063 (initialize): ANGLE Display::initialize error 12289: OpenGL ES 2.0 is not supportable.
ERR: Display.cpp:1063 (initialize): ANGLE Display::initialize error 12289: OpenGL ES 2.0 is not supportable.
[893:893:0731/124904.532375:ERROR:gl_display.cc(520)] EGL Driver message (Critical) eglInitialize: OpenGL ES 2.0 is not supportable.
[893:893:0731/124904.534309:ERROR:gl_display.cc(790)] eglInitialize OpenGL failed with error EGL_NOT_INITIALIZED, trying next display type
[893:893:0731/124904.542424:ERROR:angle_platform_impl.cc(44)] Display.cpp:1063 (initialize): ANGLE Display::initialize error 12289: Could not create a backing OpenGL context.
ERR: Display.cpp:1063 (initialize): ANGLE Display::initialize error 12289: Could not create a backing OpenGL context.
[893:893:0731/124904.542683:ERROR:gl_display.cc(520)] EGL Driver message (Critical) eglInitialize: Could not create a backing OpenGL context.
[893:893:0731/124904.542815:ERROR:gl_display.cc(790)] eglInitialize OpenGLES failed with error EGL_NOT_INITIALIZED
[893:893:0731/124904.542929:ERROR:gl_display.cc(824)] Initialization of all EGL display types failed.
[893:893:0731/124904.543036:ERROR:gl_ozone_egl.cc(26)] GLDisplayEGL::Initialize failed.
[893:893:0731/124904.625798:ERROR:angle_platform_impl.cc(44)] Display.cpp:1063 (initialize): ANGLE Display::initialize error 12289: OpenGL ES 2.0 is not supportable.
ERR: Display.cpp:1063 (initialize): ANGLE Display::initialize error 12289: OpenGL ES 2.0 is not supportable.
[893:893:0731/124904.626014:ERROR:gl_display.cc(520)] EGL Driver message (Critical) eglInitialize: OpenGL ES 2.0 is not supportable.
[893:893:0731/124904.626112:ERROR:gl_display.cc(790)] eglInitialize OpenGL failed with error EGL_NOT_INITIALIZED, trying next display type
[893:893:0731/124904.628949:ERROR:angle_platform_impl.cc(44)] Display.cpp:1063 (initialize): ANGLE Display::initialize error 12289: Could not create a backing OpenGL context.
ERR: Display.cpp:1063 (initialize): ANGLE Display::initialize error 12289: Could not create a backing OpenGL context.
[893:893:0731/124904.629192:ERROR:gl_display.cc(520)] EGL Driver message (Critical) eglInitialize: Could not create a backing OpenGL context.
[893:893:0731/124904.629295:ERROR:gl_display.cc(790)] eglInitialize OpenGLES failed with error EGL_NOT_INITIALIZED
[893:893:0731/124904.629424:ERROR:gl_display.cc(824)] Initialization of all EGL display types failed.
[893:893:0731/124904.629631:ERROR:gl_ozone_egl.cc(26)] GLDisplayEGL::Initialize failed.
[893:893:0731/124904.635693:ERROR:viz_main_impl.cc(186)] Exiting GPU process due to errors during initialization
[931:7:0731/124904.820801:ERROR:command_buffer_proxy_impl.cc(128)] ContextResult::kTransientFailure: Failed to send GpuControl.CreateCommandBuffer.
[1020:1020:0731/125251.120591:ERROR:gl_utils.cc(402)] [.WebGL-0xf8804501c00]GL Driver Message (OpenGL, Performance, GL_CLOSE_PATH_NV, High): GPU stall due to ReadPixels
[1020:1020:0731/125251.757286:ERROR:gl_utils.cc(402)] [.WebGL-0xf8800a7d500]GL Driver Message (OpenGL, Performance, GL_CLOSE_PATH_NV, High): GPU stall due to ReadPixels
[1020:1020:0731/125254.173167:ERROR:gl_utils.cc(402)] [.WebGL-0xf8800a40600]GL Driver Message (OpenGL, Performance, GL_CLOSE_PATH_NV, High): GPU stall due to ReadPixels
[1250:23:0731/125331.822111:ERROR:stun_port.cc(99)] Binding request timed out from [0:0:0:x:x:x:x:x]:46081 (any)
[1250:23:0731/125331.918060:ERROR:stun_port.cc(99)] Binding request timed out from [0:0:0:x:x:x:x:x]:58838 (any)
[1267:21:0731/125333.198068:ERROR:stun_port.cc(99)] Binding request timed out from [0:0:0:x:x:x:x:x]:38238 (any)
[1267:21:0731/125333.318142:ERROR:stun_port.cc(99)] Binding request timed out from [0:0:0:x:x:x:x:x]:59381 (any)
[1288:22:0731/125337.214077:ERROR:stun_port.cc(99)] Binding request timed out from [0:0:0:x:x:x:x:x]:49435 (any)
[1288:22:0731/125337.318068:ERROR:stun_port.cc(99)] Binding request timed out from [0:0:0:x:x:x:x:x]:41104 (any)
[832:949:0731/225614.666054:ERROR:object_proxy.cc(590)] Failed to call method: org.freedesktop.DBus.Properties.Get: object_path= /org/freedesktop/UPower: org.freedesktop.DBus.Error.ServiceUnknown: The name org.freedesktop.UPower was not provided by any .service files
[832:949:0731/225614.666564:ERROR:object_proxy.cc(590)] Failed to call method: org.freedesktop.UPower.GetDisplayDevice: object_path= /org/freedesktop/UPower: org.freedesktop.DBus.Error.ServiceUnknown: The name org.freedesktop.UPower was not provided by any .service files
[832:949:0731/225614.666911:ERROR:object_proxy.cc(590)] Failed to call method: org.freedesktop.UPower.EnumerateDevices: object_path= /org/freedesktop/UPower: org.freedesktop.DBus.Error.ServiceUnknown: The name org.freedesktop.UPower was not provided by any .service files
[884:884:0731/225614.903520:ERROR:angle_platform_impl.cc(44)] Display.cpp:1063 (initialize): ANGLE Display::initialize error 12289: OpenGL ES 2.0 is not supportable.
ERR: Display.cpp:1063 (initialize): ANGLE Display::initialize error 12289: OpenGL ES 2.0 is not supportable.
[884:884:0731/225614.905138:ERROR:gl_display.cc(520)] EGL Driver message (Critical) eglInitialize: OpenGL ES 2.0 is not supportable.
[884:884:0731/225614.906728:ERROR:gl_display.cc(790)] eglInitialize OpenGL failed with error EGL_NOT_INITIALIZED, trying next display type
[884:884:0731/225614.915765:ERROR:angle_platform_impl.cc(44)] Display.cpp:1063 (initialize): ANGLE Display::initialize error 12289: Could not create a backing OpenGL context.
ERR: Display.cpp:1063 (initialize): ANGLE Display::initialize error 12289: Could not create a backing OpenGL context.
[884:884:0731/225614.915963:ERROR:gl_display.cc(520)] EGL Driver message (Critical) eglInitialize: Could not create a backing OpenGL context.
[884:884:0731/225614.916080:ERROR:gl_display.cc(790)] eglInitialize OpenGLES failed with error EGL_NOT_INITIALIZED
[884:884:0731/225614.916182:ERROR:gl_display.cc(824)] Initialization of all EGL display types failed.
[884:884:0731/225614.916287:ERROR:gl_ozone_egl.cc(26)] GLDisplayEGL::Initialize failed.
[884:884:0731/225615.007017:ERROR:angle_platform_impl.cc(44)] Display.cpp:1063 (initialize): ANGLE Display::initialize error 12289: OpenGL ES 2.0 is not supportable.
ERR: Display.cpp:1063 (initialize): ANGLE Display::initialize error 12289: OpenGL ES 2.0 is not supportable.
[884:884:0731/225615.007318:ERROR:gl_display.cc(520)] EGL Driver message (Critical) eglInitialize: OpenGL ES 2.0 is not supportable.
[884:884:0731/225615.007539:ERROR:gl_display.cc(790)] eglInitialize OpenGL failed with error EGL_NOT_INITIALIZED, trying next display type
[884:884:0731/225615.013869:ERROR:angle_platform_impl.cc(44)] Display.cpp:1063 (initialize): ANGLE Display::initialize error 12289: Could not create a backing OpenGL context.
ERR: Display.cpp:1063 (initialize): ANGLE Display::initialize error 12289: Could not create a backing OpenGL context.
[884:884:0731/225615.014081:ERROR:gl_display.cc(520)] EGL Driver message (Critical) eglInitialize: Could not create a backing OpenGL context.
[884:884:0731/225615.014239:ERROR:gl_display.cc(790)] eglInitialize OpenGLES failed with error EGL_NOT_INITIALIZED
[884:884:0731/225615.014389:ERROR:gl_display.cc(824)] Initialization of all EGL display types failed.
[884:884:0731/225615.014503:ERROR:gl_ozone_egl.cc(26)] GLDisplayEGL::Initialize failed.
[884:884:0731/225615.017192:ERROR:viz_main_impl.cc(186)] Exiting GPU process due to errors during initialization
[921:7:0731/225615.206796:ERROR:command_buffer_proxy_impl.cc(128)] ContextResult::kTransientFailure: Failed to send GpuControl.CreateCommandBuffer.
Opening in existing browser session.
[1102:1102:0100/000000.152030:ERROR:angle_platform_impl.cc(44)] Display.cpp:1063 (initialize): ANGLE Display::initialize error 12289: OpenGL ES 2.0 is not supportable.
ERR: Display.cpp:1063 (initialize): ANGLE Display::initialize error 12289: OpenGL ES 2.0 is not supportable.
[1102:1102:0100/000000.152243:ERROR:gl_display.cc(520)] EGL Driver message (Critical) eglInitialize: OpenGL ES 2.0 is not supportable.
[1102:1102:0100/000000.152275:ERROR:gl_display.cc(790)] eglInitialize OpenGL failed with error EGL_NOT_INITIALIZED, trying next display type
[1102:1102:0100/000000.155589:ERROR:angle_platform_impl.cc(44)] Display.cpp:1063 (initialize): ANGLE Display::initialize error 12289: Could not create a backing OpenGL context.
ERR: Display.cpp:1063 (initialize): ANGLE Display::initialize error 12289: Could not create a backing OpenGL context.
[1102:1102:0100/000000.155688:ERROR:gl_display.cc(520)] EGL Driver message (Critical) eglInitialize: Could not create a backing OpenGL context.
[1102:1102:0100/000000.155707:ERROR:gl_display.cc(790)] eglInitialize OpenGLES failed with error EGL_NOT_INITIALIZED
[1102:1102:0100/000000.155719:ERROR:gl_display.cc(824)] Initialization of all EGL display types failed.
[1102:1102:0100/000000.155732:ERROR:gl_ozone_egl.cc(26)] GLDisplayEGL::Initialize failed.
[1102:1102:0100/000000.275592:ERROR:angle_platform_impl.cc(44)] Display.cpp:1063 (initialize): ANGLE Display::initialize error 12289: OpenGL ES 2.0 is not supportable.
ERR: Display.cpp:1063 (initialize): ANGLE Display::initialize error 12289: OpenGL ES 2.0 is not supportable.
[1102:1102:0100/000000.275737:ERROR:gl_display.cc(520)] EGL Driver message (Critical) eglInitialize: OpenGL ES 2.0 is not supportable.
[1102:1102:0100/000000.275756:ERROR:gl_display.cc(790)] eglInitialize OpenGL failed with error EGL_NOT_INITIALIZED, trying next display type
[1102:1102:0100/000000.280823:ERROR:angle_platform_impl.cc(44)] Display.cpp:1063 (initialize): ANGLE Display::initialize error 12289: Could not create a backing OpenGL context.
ERR: Display.cpp:1063 (initialize): ANGLE Display::initialize error 12289: Could not create a backing OpenGL context.
[1102:1102:0100/000000.280957:ERROR:gl_display.cc(520)] EGL Driver message (Critical) eglInitialize: Could not create a backing OpenGL context.
[1102:1102:0100/000000.280981:ERROR:gl_display.cc(790)] eglInitialize OpenGLES failed with error EGL_NOT_INITIALIZED
[1102:1102:0100/000000.281011:ERROR:gl_display.cc(824)] Initialization of all EGL display types failed.
[1102:1102:0100/000000.281031:ERROR:gl_ozone_egl.cc(26)] GLDisplayEGL::Initialize failed.
[832:832:0731/225621.823879:ERROR:zygote_communication_linux.cc(291)] Failed to send GetTerminationStatus message to zygote
[832:873:0731/225621.827363:ERROR:connection_factory_impl.cc(471)] ConnectionHandler failed with net error: -2
[832:832:0731/225621.832239:ERROR:network_service_instance_impl.cc(594)] Network service crashed, restarting service.
[832:832:0731/225621.844172:ERROR:zygote_communication_linux.cc(291)] Failed to send GetTerminationStatus message to zygote
[832:832:0731/225621.845834:ERROR:zygote_communication_linux.cc(291)] Failed to send GetTerminationStatus message to zygote
[832:832:0731/225621.850714:ERROR:zygote_communication_linux.cc(291)] Failed to send GetTerminationStatus message to zygote
[832:832:0731/225621.857726:ERROR:zygote_communication_linux.cc(291)] Failed to send GetTerminationStatus message to zygote
[832:832:0731/225621.861064:ERROR:zygote_communication_linux.cc(291)] Failed to send GetTerminationStatus message to zygote
[0731/225621.891407:ERROR:elf_dynamic_array_reader.h(64)] tag not found
[0731/225621.898001:ERROR:file_io_posix.cc(144)] open /sys/devices/system/cpu/cpu0/cpufreq/scaling_cur_freq: No such file or directory (2)
[0731/225621.898054:ERROR:file_io_posix.cc(144)] open /sys/devices/system/cpu/cpu0/cpufreq/scaling_max_freq: No such file or directory (2)
[832:832:0731/225621.884468:ERROR:check.cc(290)] Check failed: false. NOTREACHED log messages are omitted in official builds. Sorry!
[832:832:0731/225621.905428:ERROR:gpu_process_host.cc(946)] GPU process launch failed: error_code=1002
[832:832:0731/225621.914388:ERROR:gpu_process_host.cc(946)] GPU process launch failed: error_code=1002
[832:832:0731/225621.916552:ERROR:gpu_process_host.cc(946)] GPU process launch failed: error_code=1002
[832:832:0731/225621.919000:ERROR:gpu_process_host.cc(946)] GPU process launch failed: error_code=1002
[832:832:0731/225621.920704:ERROR:gpu_process_host.cc(946)] GPU process launch failed: error_code=1002
[832:832:0731/225621.922239:ERROR:gpu_process_host.cc(946)] GPU process launch failed: error_code=1002
[832:832:0731/225621.922311:FATAL:gpu_data_manager_impl_private.cc(431)] GPU process isn't usable. Goodbye.
[0731/225621.927489:ERROR:elf_dynamic_array_reader.h(64)] tag not found
[0731/225621.932126:ERROR:file_io_posix.cc(144)] open /sys/devices/system/cpu/cpu0/cpufreq/scaling_cur_freq: No such file or directory (2)
[0731/225621.932183:ERROR:file_io_posix.cc(144)] open /sys/devices/system/cpu/cpu0/cpufreq/scaling_max_freq: No such file or directory (2)
[1243:1243:0731/225638.194192:ERROR:angle_platform_impl.cc(44)] Display.cpp:1063 (initialize): ANGLE Display::initialize error 12289: OpenGL ES 2.0 is not supportable.
ERR: Display.cpp:1063 (initialize): ANGLE Display::initialize error 12289: OpenGL ES 2.0 is not supportable.
[1243:1243:0731/225638.194684:ERROR:gl_display.cc(520)] EGL Driver message (Critical) eglInitialize: OpenGL ES 2.0 is not supportable.
[1243:1243:0731/225638.194775:ERROR:gl_display.cc(790)] eglInitialize OpenGL failed with error EGL_NOT_INITIALIZED, trying next display type
[1243:1243:0731/225638.203363:ERROR:angle_platform_impl.cc(44)] Display.cpp:1063 (initialize): ANGLE Display::initialize error 12289: Could not create a backing OpenGL context.
ERR: Display.cpp:1063 (initialize): ANGLE Display::initialize error 12289: Could not create a backing OpenGL context.
[1243:1243:0731/225638.203633:ERROR:gl_display.cc(520)] EGL Driver message (Critical) eglInitialize: Could not create a backing OpenGL context.
[1243:1243:0731/225638.203838:ERROR:gl_display.cc(790)] eglInitialize OpenGLES failed with error EGL_NOT_INITIALIZED
[1243:1243:0731/225638.204015:ERROR:gl_display.cc(824)] Initialization of all EGL display types failed.
[1243:1243:0731/225638.204219:ERROR:gl_ozone_egl.cc(26)] GLDisplayEGL::Initialize failed.
[1200:1292:0731/225638.222309:ERROR:object_proxy.cc(590)] Failed to call method: org.freedesktop.DBus.Properties.Get: object_path= /org/freedesktop/UPower: org.freedesktop.DBus.Error.ServiceUnknown: The name org.freedesktop.UPower was not provided by any .service files
[1200:1292:0731/225638.222866:ERROR:object_proxy.cc(590)] Failed to call method: org.freedesktop.UPower.GetDisplayDevice: object_path= /org/freedesktop/UPower: org.freedesktop.DBus.Error.ServiceUnknown: The name org.freedesktop.UPower was not provided by any .service files
[1200:1292:0731/225638.223243:ERROR:object_proxy.cc(590)] Failed to call method: org.freedesktop.UPower.EnumerateDevices: object_path= /org/freedesktop/UPower: org.freedesktop.DBus.Error.ServiceUnknown: The name org.freedesktop.UPower was not provided by any .service files
[1243:1243:0731/225638.300065:ERROR:angle_platform_impl.cc(44)] Display.cpp:1063 (initialize): ANGLE Display::initialize error 12289: OpenGL ES 2.0 is not supportable.
ERR: Display.cpp:1063 (initialize): ANGLE Display::initialize error 12289: OpenGL ES 2.0 is not supportable.
[1243:1243:0731/225638.300595:ERROR:gl_display.cc(520)] EGL Driver message (Critical) eglInitialize: OpenGL ES 2.0 is not supportable.
[1243:1243:0731/225638.300858:ERROR:gl_display.cc(790)] eglInitialize OpenGL failed with error EGL_NOT_INITIALIZED, trying next display type
[1243:1243:0731/225638.309045:ERROR:angle_platform_impl.cc(44)] Display.cpp:1063 (initialize): ANGLE Display::initialize error 12289: Could not create a backing OpenGL context.
ERR: Display.cpp:1063 (initialize): ANGLE Display::initialize error 12289: Could not create a backing OpenGL context.
[1243:1243:0731/225638.309382:ERROR:gl_display.cc(520)] EGL Driver message (Critical) eglInitialize: Could not create a backing OpenGL context.
[1243:1243:0731/225638.309614:ERROR:gl_display.cc(790)] eglInitialize OpenGLES failed with error EGL_NOT_INITIALIZED
[1243:1243:0731/225638.309816:ERROR:gl_display.cc(824)] Initialization of all EGL display types failed.
[1243:1243:0731/225638.309986:ERROR:gl_ozone_egl.cc(26)] GLDisplayEGL::Initialize failed.
[1243:1243:0731/225638.317254:ERROR:viz_main_impl.cc(186)] Exiting GPU process due to errors during initialization
[1270:7:0731/225638.440552:ERROR:command_buffer_proxy_impl.cc(128)] ContextResult::kTransientFailure: Failed to send GpuControl.CreateCommandBuffer.
[1329:1329:0731/225728.603705:ERROR:gl_utils.cc(402)] [.WebGL-0x4bc05348600]GL Driver Message (OpenGL, Performance, GL_CLOSE_PATH_NV, High): GPU stall due to ReadPixels
[1200:1200:0731/230038.075604:ERROR:interface_endpoint_client.cc(702)] Message 1 rejected by interface blink.mojom.WidgetHost
[1244:1260:0731/232224.344838:ERROR:ssl_client_socket_impl.cc(980)] handshake failed; returned -1, SSL error code 1, net_error -101
[1244:1260:0731/232224.571694:ERROR:ssl_client_socket_impl.cc(980)] handshake failed; returned -1, SSL error code 1, net_error -101
[1244:1260:0731/232224.861132:ERROR:ssl_client_socket_impl.cc(980)] handshake failed; returned -1, SSL error code 1, net_error -101
[1244:1260:0731/235944.776995:ERROR:ssl_client_socket_impl.cc(980)] handshake failed; returned -1, SSL error code 1, net_error -101
[1244:1260:0731/235945.002978:ERROR:ssl_client_socket_impl.cc(980)] handshake failed; returned -1, SSL error code 1, net_error -101
[1244:1260:0801/001009.414747:ERROR:ssl_client_socket_impl.cc(980)] handshake failed; returned -1, SSL error code 1, net_error -101
[1244:1260:0801/001009.619390:ERROR:ssl_client_socket_impl.cc(980)] handshake failed; returned -1, SSL error code 1, net_error -100
[1244:1260:0801/001009.664426:ERROR:ssl_client_socket_impl.cc(980)] handshake failed; returned -1, SSL error code 1, net_error -101
